<?xml version="1.0" encoding="UTF-8"?>
<!-- Generated by org.testng.reporters.JUnitXMLReporter -->
<testsuite ignored="0" hostname="LAPTOP-AFO4I6I2" failures="0" tests="3" name="Test" time="41.855" errors="0" timestamp="2022-10-01T13:56:57 IST">
  <testcase classname="com.testcases.homepagetest" name="Signin_Click_Cart" time="6.767"/>
  <testcase classname="com.testcases.logintest" name="Signin" time="4.599"/>
  <testcase classname="com.testcases.logintest" name="Signout" time="8.533"/>
</testsuite> <!-- Test -->
