<?xml version="1.0" encoding="UTF-8"?>
<!-- Generated by org.testng.reporters.JUnitXMLReporter -->
<testsuite ignored="0" hostname="LAPTOP-AFO4I6I2" failures="0" tests="3" name="Test" time="95.556" errors="0" timestamp="2022-08-25T17:47:03 IST">
  <testcase classname="com.testcases.homepagetest" name="Signin_Click_Cart" time="26.128"/>
  <testcase classname="com.testcases.logintest" name="Signin" time="12.267"/>
  <testcase classname="com.testcases.logintest" name="Signout" time="18.09"/>
</testsuite> <!-- Test -->
