<?xml version="1.0" encoding="UTF-8"?>
<testng-results ignored="0" total="3" passed="3" failed="0" skipped="0">
  <reporter-output>
  </reporter-output>
  <suite started-at="2022-08-25T16:22:49 IST" name="Suite" finished-at="2022-08-25T16:26:23 IST" duration-ms="213599">
    <groups>
    </groups>
    <test started-at="2022-08-25T16:22:49 IST" name="Test" finished-at="2022-08-25T16:26:23 IST" duration-ms="213599">
      <class name="com.testcases.logintest">
        <test-method is-config="true" signature="setUp()[pri:0, instance:com.testcases.logintest@2dde1bff]" started-at="2022-08-25T16:24:01 IST" name="setUp" finished-at="2022-08-25T16:24:18 IST" duration-ms="16392" status="PASS">
          <reporter-output>
          </reporter-output>
        </test-method> <!-- setUp -->
        <test-method signature="Signin()[pri:0, instance:com.testcases.logintest@2dde1bff]" started-at="2022-08-25T16:24:18 IST" name="Signin" finished-at="2022-08-25T16:24:54 IST" duration-ms="36484" status="PASS">
          <reporter-output>
          </reporter-output>
        </test-method> <!-- Signin -->
        <test-method is-config="true" signature="tearDown()[pri:0, instance:com.testcases.logintest@2dde1bff]" started-at="2022-08-25T16:24:54 IST" name="tearDown" finished-at="2022-08-25T16:24:55 IST" duration-ms="742" status="PASS">
          <reporter-output>
          </reporter-output>
        </test-method> <!-- tearDown -->
        <test-method is-config="true" signature="setUp()[pri:0, instance:com.testcases.logintest@2dde1bff]" started-at="2022-08-25T16:24:55 IST" name="setUp" finished-at="2022-08-25T16:25:12 IST" duration-ms="16705" status="PASS">
          <reporter-output>
          </reporter-output>
        </test-method> <!-- setUp -->
        <test-method signature="Signout()[pri:0, instance:com.testcases.logintest@2dde1bff]" started-at="2022-08-25T16:25:12 IST" name="Signout" finished-at="2022-08-25T16:26:22 IST" duration-ms="70352" status="PASS">
          <reporter-output>
          </reporter-output>
        </test-method> <!-- Signout -->
        <test-method is-config="true" signature="tearDown()[pri:0, instance:com.testcases.logintest@2dde1bff]" started-at="2022-08-25T16:26:22 IST" name="tearDown" finished-at="2022-08-25T16:26:23 IST" duration-ms="736" status="PASS">
          <reporter-output>
          </reporter-output>
        </test-method> <!-- tearDown -->
      </class> <!-- com.testcases.logintest -->
      <class name="com.testcases.homepagetest">
        <test-method is-config="true" signature="setUp()[pri:0, instance:com.testcases.homepagetest@55b53d44]" started-at="2022-08-25T16:22:49 IST" name="setUp" finished-at="2022-08-25T16:23:15 IST" duration-ms="26135" status="PASS">
          <reporter-output>
          </reporter-output>
        </test-method> <!-- setUp -->
        <test-method signature="Signin_Click_Cart()[pri:0, instance:com.testcases.homepagetest@55b53d44]" started-at="2022-08-25T16:23:15 IST" name="Signin_Click_Cart" finished-at="2022-08-25T16:24:00 IST" duration-ms="45000" status="PASS">
          <reporter-output>
          </reporter-output>
        </test-method> <!-- Signin_Click_Cart -->
        <test-method is-config="true" signature="tearDown()[pri:0, instance:com.testcases.homepagetest@55b53d44]" started-at="2022-08-25T16:24:01 IST" name="tearDown" finished-at="2022-08-25T16:24:01 IST" duration-ms="841" status="PASS">
          <reporter-output>
          </reporter-output>
        </test-method> <!-- tearDown -->
      </class> <!-- com.testcases.homepagetest -->
    </test> <!-- Test -->
  </suite> <!-- Suite -->
</testng-results>
