<?xml version="1.0" encoding="UTF-8"?>
<testng-results ignored="0" total="3" passed="3" failed="0" skipped="0">
  <reporter-output>
  </reporter-output>
  <suite started-at="2022-08-25T14:48:54 IST" name="Suite" finished-at="2022-08-25T14:49:43 IST" duration-ms="49276">
    <groups>
    </groups>
    <test started-at="2022-08-25T14:48:54 IST" name="Test" finished-at="2022-08-25T14:49:43 IST" duration-ms="49276">
      <class name="com.testcases.logintest">
        <test-method is-config="true" signature="setUp()[pri:0, instance:com.testcases.logintest@1a942c18]" started-at="2022-08-25T14:48:54 IST" name="setUp" finished-at="2022-08-25T14:49:06 IST" duration-ms="11696" status="PASS">
          <reporter-output>
          </reporter-output>
        </test-method> <!-- setUp -->
        <test-method signature="Signin()[pri:0, instance:com.testcases.logintest@1a942c18]" started-at="2022-08-25T14:49:06 IST" name="Signin" finished-at="2022-08-25T14:49:19 IST" duration-ms="13851" status="PASS">
          <reporter-output>
          </reporter-output>
        </test-method> <!-- Signin -->
        <test-method is-config="true" signature="tearDown()[pri:0, instance:com.testcases.logintest@1a942c18]" started-at="2022-08-25T14:49:19 IST" name="tearDown" finished-at="2022-08-25T14:49:20 IST" duration-ms="295" status="PASS">
          <reporter-output>
          </reporter-output>
        </test-method> <!-- tearDown -->
        <test-method is-config="true" signature="setUp()[pri:0, instance:com.testcases.logintest@1a942c18]" started-at="2022-08-25T14:49:20 IST" name="setUp" finished-at="2022-08-25T14:49:30 IST" duration-ms="10224" status="PASS">
          <reporter-output>
          </reporter-output>
        </test-method> <!-- setUp -->
        <test-method signature="Signout()[pri:0, instance:com.testcases.logintest@1a942c18]" started-at="2022-08-25T14:49:30 IST" name="Signout" finished-at="2022-08-25T14:49:43 IST" duration-ms="12978" status="PASS">
          <reporter-output>
          </reporter-output>
        </test-method> <!-- Signout -->
        <test-method is-config="true" signature="tearDown()[pri:0, instance:com.testcases.logintest@1a942c18]" started-at="2022-08-25T14:49:43 IST" name="tearDown" finished-at="2022-08-25T14:49:43 IST" duration-ms="181" status="PASS">
          <reporter-output>
          </reporter-output>
        </test-method> <!-- tearDown -->
      </class> <!-- com.testcases.logintest -->
      <class name="com.testcases.homepagetest">
        <test-method is-config="true" signature="setUp()[pri:0, instance:com.testcases.homepagetest@b9b00e0]" started-at="2022-08-25T14:48:54 IST" name="setUp" finished-at="2022-08-25T14:49:05 IST" duration-ms="11596" status="PASS">
          <reporter-output>
          </reporter-output>
        </test-method> <!-- setUp -->
        <test-method signature="Signin_Click_Cart()[pri:0, instance:com.testcases.homepagetest@b9b00e0]" started-at="2022-08-25T14:49:05 IST" name="Signin_Click_Cart" finished-at="2022-08-25T14:49:23 IST" duration-ms="17019" status="PASS">
          <reporter-output>
          </reporter-output>
        </test-method> <!-- Signin_Click_Cart -->
        <test-method is-config="true" signature="tearDown()[pri:0, instance:com.testcases.homepagetest@b9b00e0]" started-at="2022-08-25T14:49:23 IST" name="tearDown" finished-at="2022-08-25T14:49:23 IST" duration-ms="185" status="PASS">
          <reporter-output>
          </reporter-output>
        </test-method> <!-- tearDown -->
      </class> <!-- com.testcases.homepagetest -->
    </test> <!-- Test -->
  </suite> <!-- Suite -->
</testng-results>
