<?xml version="1.0" encoding="UTF-8"?>
<testng-results ignored="0" total="3" passed="3" failed="0" skipped="0">
  <reporter-output>
  </reporter-output>
  <suite started-at="2022-10-10T15:56:01 IST" name="Suite" finished-at="2022-10-10T15:57:30 IST" duration-ms="89836">
    <groups>
    </groups>
    <test started-at="2022-10-10T15:56:01 IST" name="Test" finished-at="2022-10-10T15:57:30 IST" duration-ms="89836">
      <class name="com.testcases.logintest">
        <test-method is-config="true" signature="setUp()[pri:0, instance:com.testcases.logintest@3c77d488]" started-at="2022-10-10T15:56:51 IST" name="setUp" finished-at="2022-10-10T15:56:58 IST" duration-ms="6905" status="PASS">
          <reporter-output>
          </reporter-output>
        </test-method> <!-- setUp -->
        <test-method signature="Signin()[pri:0, instance:com.testcases.logintest@3c77d488]" started-at="2022-10-10T15:56:58 IST" name="Signin" finished-at="2022-10-10T15:57:05 IST" duration-ms="6992" status="PASS">
          <reporter-output>
          </reporter-output>
        </test-method> <!-- Signin -->
        <test-method is-config="true" signature="tearDown()[pri:0, instance:com.testcases.logintest@3c77d488]" started-at="2022-10-10T15:57:05 IST" name="tearDown" finished-at="2022-10-10T15:57:05 IST" duration-ms="252" status="PASS">
          <reporter-output>
          </reporter-output>
        </test-method> <!-- tearDown -->
        <test-method is-config="true" signature="setUp()[pri:0, instance:com.testcases.logintest@3c77d488]" started-at="2022-10-10T15:57:05 IST" name="setUp" finished-at="2022-10-10T15:57:11 IST" duration-ms="5527" status="PASS">
          <reporter-output>
          </reporter-output>
        </test-method> <!-- setUp -->
        <test-method signature="Signout()[pri:0, instance:com.testcases.logintest@3c77d488]" started-at="2022-10-10T15:57:11 IST" name="Signout" finished-at="2022-10-10T15:57:30 IST" duration-ms="19423" status="PASS">
          <reporter-output>
          </reporter-output>
        </test-method> <!-- Signout -->
        <test-method is-config="true" signature="tearDown()[pri:0, instance:com.testcases.logintest@3c77d488]" started-at="2022-10-10T15:57:30 IST" name="tearDown" finished-at="2022-10-10T15:57:30 IST" duration-ms="174" status="PASS">
          <reporter-output>
          </reporter-output>
        </test-method> <!-- tearDown -->
      </class> <!-- com.testcases.logintest -->
      <class name="com.testcases.homepagetest">
        <test-method is-config="true" signature="setUp()[pri:0, instance:com.testcases.homepagetest@54e1c68b]" started-at="2022-10-10T15:56:01 IST" name="setUp" finished-at="2022-10-10T15:56:12 IST" duration-ms="11635" status="PASS">
          <reporter-output>
          </reporter-output>
        </test-method> <!-- setUp -->
        <test-method signature="Signin_Click_Cart()[pri:0, instance:com.testcases.homepagetest@54e1c68b]" started-at="2022-10-10T15:56:12 IST" name="Signin_Click_Cart" finished-at="2022-10-10T15:56:51 IST" duration-ms="38622" status="PASS">
          <reporter-output>
          </reporter-output>
        </test-method> <!-- Signin_Click_Cart -->
        <test-method is-config="true" signature="tearDown()[pri:0, instance:com.testcases.homepagetest@54e1c68b]" started-at="2022-10-10T15:56:51 IST" name="tearDown" finished-at="2022-10-10T15:56:51 IST" duration-ms="223" status="PASS">
          <reporter-output>
          </reporter-output>
        </test-method> <!-- tearDown -->
      </class> <!-- com.testcases.homepagetest -->
    </test> <!-- Test -->
  </suite> <!-- Suite -->
</testng-results>
